2023-02-11 02:03:54.260  INFO 14742 --- [restartedMain] c.c.m.MoviehubbackApplication            : Starting MoviehubbackApplication using Java 17.0.5 on white-System-Product-Name with PID 14742 (/home/white/IdeaProjects/moviehubback/target/classes started by white in /home/white/IdeaProjects/moviehubback)
2023-02-11 02:03:54.287  INFO 14742 --- [restartedMain] c.c.m.MoviehubbackApplication            : No active profile set, falling back to default profiles: default
2023-02-11 02:03:54.483  INFO 14742 --- [restartedMain] .e.DevToolsPropertyDefaultsPostProcessor : Devtools property defaults active! Set 'spring.devtools.add-properties' to 'false' to disable
2023-02-11 02:03:54.484  INFO 14742 --- [restartedMain] .e.DevToolsPropertyDefaultsPostProcessor : For additional web related logging consider setting the 'logging.level.web' property to 'DEBUG'
2023-02-11 02:03:57.776  INFO 14742 --- [restartedMain] .s.d.r.c.RepositoryConfigurationDelegate : Multiple Spring Data modules found, entering strict repository configuration mode!
2023-02-11 02:03:57.778  INFO 14742 --- [restartedMain] .s.d.r.c.RepositoryConfigurationDelegate : Bootstrapping Spring Data MongoDB repositories in DEFAULT mode.
2023-02-11 02:03:57.788  INFO 14742 --- [restartedMain] .s.d.r.c.RepositoryConfigurationDelegate : Finished Spring Data repository scanning in 5 ms. Found 0 MongoDB repository interfaces.
2023-02-11 02:03:58.725  INFO 14742 --- [restartedMain] o.s.b.w.embedded.tomcat.TomcatWebServer  : Tomcat initialized with port(s): 8090 (https)
2023-02-11 02:03:58.737  INFO 14742 --- [restartedMain] o.apache.catalina.core.StandardService   : Starting service [Tomcat]
2023-02-11 02:03:58.737  INFO 14742 --- [restartedMain] org.apache.catalina.core.StandardEngine  : Starting Servlet engine: [Apache Tomcat/9.0.48]
2023-02-11 02:03:58.853  INFO 14742 --- [restartedMain] o.a.c.c.C.[Tomcat].[localhost].[/]       : Initializing Spring embedded WebApplicationContext
2023-02-11 02:03:58.853  INFO 14742 --- [restartedMain] w.s.c.ServletWebServerApplicationContext : Root WebApplicationContext: initialization completed in 4368 ms
2023-02-11 02:03:59.137  INFO 14742 --- [restartedMain] org.mongodb.driver.cluster               : Cluster created with settings {hosts=[${db_addr}:27017], mode=SINGLE, requiredClusterType=UNKNOWN, serverSelectionTimeout='30000 ms'}
2023-02-11 02:03:59.194  INFO 14742 --- [cluster-ClusterId{value='63e6870fd5459c60cd452918', description='null'}-${db_addr}:27017] org.mongodb.driver.cluster               : Exception in monitor thread while connecting to server ${db_addr}:27017

com.mongodb.MongoSocketException: ${db_addr}: 未知的名称或服务
	at com.mongodb.ServerAddress.getSocketAddresses(ServerAddress.java:211) ~[mongodb-driver-core-4.2.3.jar:na]
	at com.mongodb.internal.connection.SocketStream.initializeSocket(SocketStream.java:75) ~[mongodb-driver-core-4.2.3.jar:na]
	at com.mongodb.internal.connection.SocketStream.open(SocketStream.java:65) ~[mongodb-driver-core-4.2.3.jar:na]
	at com.mongodb.internal.connection.InternalStreamConnection.open(InternalStreamConnection.java:143) ~[mongodb-driver-core-4.2.3.jar:na]
	at com.mongodb.internal.connection.DefaultServerMonitor$ServerMonitorRunnable.lookupServerDescription(DefaultServerMonitor.java:188) ~[mongodb-driver-core-4.2.3.jar:na]
	at com.mongodb.internal.connection.DefaultServerMonitor$ServerMonitorRunnable.run(DefaultServerMonitor.java:144) ~[mongodb-driver-core-4.2.3.jar:na]
	at java.base/java.lang.Thread.run(Thread.java:833) ~[na:na]
Caused by: java.net.UnknownHostException: ${db_addr}: 未知的名称或服务
	at java.base/java.net.Inet6AddressImpl.lookupAllHostAddr(Native Method) ~[na:na]
	at java.base/java.net.InetAddress$PlatformNameService.lookupAllHostAddr(InetAddress.java:933) ~[na:na]
	at java.base/java.net.InetAddress.getAddressesFromNameService(InetAddress.java:1529) ~[na:na]
	at java.base/java.net.InetAddress$NameServiceAddresses.get(InetAddress.java:852) ~[na:na]
	at java.base/java.net.InetAddress.getAllByName0(InetAddress.java:1519) ~[na:na]
	at java.base/java.net.InetAddress.getAllByName(InetAddress.java:1377) ~[na:na]
	at java.base/java.net.InetAddress.getAllByName(InetAddress.java:1305) ~[na:na]
	at com.mongodb.ServerAddress.getSocketAddresses(ServerAddress.java:203) ~[mongodb-driver-core-4.2.3.jar:na]
	... 6 common frames omitted

2023-02-11 02:04:01.613  INFO 14742 --- [restartedMain] o.s.b.d.a.OptionalLiveReloadServer       : LiveReload server is running on port 35729
2023-02-11 02:04:04.048  INFO 14742 --- [restartedMain] o.s.b.w.embedded.tomcat.TomcatWebServer  : Tomcat started on port(s): 8090 (https) with context path ''
2023-02-11 02:04:04.058  INFO 14742 --- [restartedMain] c.c.m.MoviehubbackApplication            : Started MoviehubbackApplication in 11.769 seconds (JVM running for 15.7)
2023-02-11 02:04:09.198  INFO 14742 --- [cluster-ClusterId{value='63e6870fd5459c60cd452918', description='null'}-${db_addr}:27017] org.mongodb.driver.cluster               : Exception in monitor thread while connecting to server ${db_addr}:27017

com.mongodb.MongoSocketException: ${db_addr}
	at com.mongodb.ServerAddress.getSocketAddresses(ServerAddress.java:211) ~[mongodb-driver-core-4.2.3.jar:na]
	at com.mongodb.internal.connection.SocketStream.initializeSocket(SocketStream.java:75) ~[mongodb-driver-core-4.2.3.jar:na]
	at com.mongodb.internal.connection.SocketStream.open(SocketStream.java:65) ~[mongodb-driver-core-4.2.3.jar:na]
	at com.mongodb.internal.connection.InternalStreamConnection.open(InternalStreamConnection.java:143) ~[mongodb-driver-core-4.2.3.jar:na]
	at com.mongodb.internal.connection.DefaultServerMonitor$ServerMonitorRunnable.lookupServerDescription(DefaultServerMonitor.java:188) ~[mongodb-driver-core-4.2.3.jar:na]
	at com.mongodb.internal.connection.DefaultServerMonitor$ServerMonitorRunnable.run(DefaultServerMonitor.java:144) ~[mongodb-driver-core-4.2.3.jar:na]
	at java.base/java.lang.Thread.run(Thread.java:833) ~[na:na]
Caused by: java.net.UnknownHostException: ${db_addr}
	at java.base/java.net.InetAddress$CachedAddresses.get(InetAddress.java:801) ~[na:na]
	at java.base/java.net.InetAddress.getAllByName0(InetAddress.java:1519) ~[na:na]
	at java.base/java.net.InetAddress.getAllByName(InetAddress.java:1377) ~[na:na]
	at java.base/java.net.InetAddress.getAllByName(InetAddress.java:1305) ~[na:na]
	at com.mongodb.ServerAddress.getSocketAddresses(ServerAddress.java:203) ~[mongodb-driver-core-4.2.3.jar:na]
	... 6 common frames omitted

2023-02-11 02:04:28.428  INFO 14742 --- [https-jsse-nio-8090-exec-6] o.a.c.c.C.[Tomcat].[localhost].[/]       : Initializing Spring DispatcherServlet 'dispatcherServlet'
2023-02-11 02:04:28.428  INFO 14742 --- [https-jsse-nio-8090-exec-6] o.s.web.servlet.DispatcherServlet        : Initializing Servlet 'dispatcherServlet'
2023-02-11 02:04:28.429  INFO 14742 --- [https-jsse-nio-8090-exec-6] o.s.web.servlet.DispatcherServlet        : Completed initialization in 1 ms
2023-02-11 02:04:28.496  INFO 14742 --- [https-jsse-nio-8090-exec-6] c.c.moviehubback.config.LogAop           : 搜索内容：七龙珠
2023-02-11 02:04:28.558  INFO 14742 --- [https-jsse-nio-8090-exec-6] org.mongodb.driver.cluster               : Cluster description not yet available. Waiting for 30000 ms before timing out
2023-02-11 02:04:58.567 ERROR 14742 --- [https-jsse-nio-8090-exec-6] o.a.c.c.C.[.[.[/].[dispatcherServlet]    : Servlet.service() for servlet [dispatcherServlet] in context with path [] threw exception [Request processing failed; nested exception is org.springframework.dao.DataAccessResourceFailureException: Timed out after 30000 ms while waiting to connect. Client view of cluster state is {type=UNKNOWN, servers=[{address=${db_addr}:27017, type=UNKNOWN, state=CONNECTING, exception={com.mongodb.MongoSocketException: ${db_addr}}, caused by {java.net.UnknownHostException: ${db_addr}}}]; nested exception is com.mongodb.MongoTimeoutException: Timed out after 30000 ms while waiting to connect. Client view of cluster state is {type=UNKNOWN, servers=[{address=${db_addr}:27017, type=UNKNOWN, state=CONNECTING, exception={com.mongodb.MongoSocketException: ${db_addr}}, caused by {java.net.UnknownHostException: ${db_addr}}}]] with root cause

com.mongodb.MongoTimeoutException: Timed out after 30000 ms while waiting to connect. Client view of cluster state is {type=UNKNOWN, servers=[{address=${db_addr}:27017, type=UNKNOWN, state=CONNECTING, exception={com.mongodb.MongoSocketException: ${db_addr}}, caused by {java.net.UnknownHostException: ${db_addr}}}]
	at com.mongodb.internal.connection.BaseCluster.getDescription(BaseCluster.java:177) ~[mongodb-driver-core-4.2.3.jar:na]
	at com.mongodb.internal.connection.SingleServerCluster.getDescription(SingleServerCluster.java:41) ~[mongodb-driver-core-4.2.3.jar:na]
	at com.mongodb.client.internal.MongoClientDelegate.getConnectedClusterDescription(MongoClientDelegate.java:127) ~[mongodb-driver-sync-4.2.3.jar:na]
	at com.mongodb.client.internal.MongoClientDelegate.createClientSession(MongoClientDelegate.java:87) ~[mongodb-driver-sync-4.2.3.jar:na]
	at com.mongodb.client.internal.MongoClientDelegate$DelegateOperationExecutor.getClientSession(MongoClientDelegate.java:258) ~[mongodb-driver-sync-4.2.3.jar:na]
	at com.mongodb.client.internal.MongoClientDelegate$DelegateOperationExecutor.execute(MongoClientDelegate.java:162) ~[mongodb-driver-sync-4.2.3.jar:na]
	at com.mongodb.client.internal.MongoIterableImpl.execute(MongoIterableImpl.java:135) ~[mongodb-driver-sync-4.2.3.jar:na]
	at com.mongodb.client.internal.MongoIterableImpl.iterator(MongoIterableImpl.java:92) ~[mongodb-driver-sync-4.2.3.jar:na]
	at org.springframework.data.mongodb.core.MongoTemplate.executeFindMultiInternal(MongoTemplate.java:2807) ~[spring-data-mongodb-3.2.2.jar:3.2.2]
	at org.springframework.data.mongodb.core.MongoTemplate.doFind(MongoTemplate.java:2543) ~[spring-data-mongodb-3.2.2.jar:3.2.2]
	at org.springframework.data.mongodb.core.MongoTemplate.doFind(MongoTemplate.java:2525) ~[spring-data-mongodb-3.2.2.jar:3.2.2]
	at org.springframework.data.mongodb.core.MongoTemplate.find(MongoTemplate.java:847) ~[spring-data-mongodb-3.2.2.jar:3.2.2]
	at org.springframework.data.mongodb.core.MongoTemplate.find(MongoTemplate.java:833) ~[spring-data-mongodb-3.2.2.jar:3.2.2]
	at com.comradegenrr.moviehubback.utils.SearchUtil.doSearchWithMongoDBAndInternet(SearchUtil.java:40) ~[classes/:na]
	at com.comradegenrr.moviehubback.service.MainServiceImp.doSearchWithInternetAndMongoDB(MainServiceImp.java:30) ~[classes/:na]
	at com.comradegenrr.moviehubback.service.MainServiceImp$$FastClassBySpringCGLIB$$8df04489.invoke(<generated>) ~[classes/:na]
	at org.springframework.cglib.proxy.MethodProxy.invoke(MethodProxy.java:218) ~[spring-core-5.3.8.jar:5.3.8]
	at org.springframework.aop.framework.CglibAopProxy$CglibMethodInvocation.invokeJoinpoint(CglibAopProxy.java:779) ~[spring-aop-5.3.8.jar:5.3.8]
	at org.springframework.aop.framework.ReflectiveMethodInvocation.proceed(ReflectiveMethodInvocation.java:163) ~[spring-aop-5.3.8.jar:5.3.8]
	at org.springframework.aop.framework.CglibAopProxy$CglibMethodInvocation.proceed(CglibAopProxy.java:750) ~[spring-aop-5.3.8.jar:5.3.8]
	at org.springframework.aop.aspectj.MethodInvocationProceedingJoinPoint.proceed(MethodInvocationProceedingJoinPoint.java:89) ~[spring-aop-5.3.8.jar:5.3.8]
	at com.comradegenrr.moviehubback.config.LogAop.doLog(LogAop.java:29) ~[classes/:na]
	at java.base/jdk.internal.reflect.NativeMethodAccessorImpl.invoke0(Native Method) ~[na:na]
	at java.base/jdk.internal.reflect.NativeMethodAccessorImpl.invoke(NativeMethodAccessorImpl.java:77) ~[na:na]
	at java.base/jdk.internal.reflect.DelegatingMethodAccessorImpl.invoke(DelegatingMethodAccessorImpl.java:43) ~[na:na]
	at java.base/java.lang.reflect.Method.invoke(Method.java:568) ~[na:na]
	at org.springframework.aop.aspectj.AbstractAspectJAdvice.invokeAdviceMethodWithGivenArgs(AbstractAspectJAdvice.java:634) ~[spring-aop-5.3.8.jar:5.3.8]
	at org.springframework.aop.aspectj.AbstractAspectJAdvice.invokeAdviceMethod(AbstractAspectJAdvice.java:624) ~[spring-aop-5.3.8.jar:5.3.8]
	at org.springframework.aop.aspectj.AspectJAroundAdvice.invoke(AspectJAroundAdvice.java:72) ~[spring-aop-5.3.8.jar:5.3.8]
	at org.springframework.aop.framework.ReflectiveMethodInvocation.proceed(ReflectiveMethodInvocation.java:186) ~[spring-aop-5.3.8.jar:5.3.8]
	at org.springframework.aop.framework.CglibAopProxy$CglibMethodInvocation.proceed(CglibAopProxy.java:750) ~[spring-aop-5.3.8.jar:5.3.8]
	at org.springframework.aop.interceptor.ExposeInvocationInterceptor.invoke(ExposeInvocationInterceptor.java:97) ~[spring-aop-5.3.8.jar:5.3.8]
	at org.springframework.aop.framework.ReflectiveMethodInvocation.proceed(ReflectiveMethodInvocation.java:186) ~[spring-aop-5.3.8.jar:5.3.8]
	at org.springframework.aop.framework.CglibAopProxy$CglibMethodInvocation.proceed(CglibAopProxy.java:750) ~[spring-aop-5.3.8.jar:5.3.8]
	at org.springframework.aop.framework.CglibAopProxy$DynamicAdvisedInterceptor.intercept(CglibAopProxy.java:692) ~[spring-aop-5.3.8.jar:5.3.8]
	at com.comradegenrr.moviehubback.service.MainServiceImp$$EnhancerBySpringCGLIB$$67ada57b.doSearchWithInternetAndMongoDB(<generated>) ~[classes/:na]
	at com.comradegenrr.moviehubback.controller.MainController.search(MainController.java:23) ~[classes/:na]
	at java.base/jdk.internal.reflect.NativeMethodAccessorImpl.invoke0(Native Method) ~[na:na]
	at java.base/jdk.internal.reflect.NativeMethodAccessorImpl.invoke(NativeMethodAccessorImpl.java:77) ~[na:na]
	at java.base/jdk.internal.reflect.DelegatingMethodAccessorImpl.invoke(DelegatingMethodAccessorImpl.java:43) ~[na:na]
	at java.base/java.lang.reflect.Method.invoke(Method.java:568) ~[na:na]
	at org.springframework.web.method.support.InvocableHandlerMethod.doInvoke(InvocableHandlerMethod.java:197) ~[spring-web-5.3.8.jar:5.3.8]
	at org.springframework.web.method.support.InvocableHandlerMethod.invokeForRequest(InvocableHandlerMethod.java:141) ~[spring-web-5.3.8.jar:5.3.8]
	at org.springframework.web.servlet.mvc.method.annotation.ServletInvocableHandlerMethod.invokeAndHandle(ServletInvocableHandlerMethod.java:106) ~[spring-webmvc-5.3.8.jar:5.3.8]
	at org.springframework.web.servlet.mvc.method.annotation.RequestMappingHandlerAdapter.invokeHandlerMethod(RequestMappingHandlerAdapter.java:894) ~[spring-webmvc-5.3.8.jar:5.3.8]
	at org.springframework.web.servlet.mvc.method.annotation.RequestMappingHandlerAdapter.handleInternal(RequestMappingHandlerAdapter.java:808) ~[spring-webmvc-5.3.8.jar:5.3.8]
	at org.springframework.web.servlet.mvc.method.AbstractHandlerMethodAdapter.handle(AbstractHandlerMethodAdapter.java:87) ~[spring-webmvc-5.3.8.jar:5.3.8]
	at org.springframework.web.servlet.DispatcherServlet.doDispatch(DispatcherServlet.java:1063) ~[spring-webmvc-5.3.8.jar:5.3.8]
	at org.springframework.web.servlet.DispatcherServlet.doService(DispatcherServlet.java:963) ~[spring-webmvc-5.3.8.jar:5.3.8]
	at org.springframework.web.servlet.FrameworkServlet.processRequest(FrameworkServlet.java:1006) ~[spring-webmvc-5.3.8.jar:5.3.8]
	at org.springframework.web.servlet.FrameworkServlet.doPost(FrameworkServlet.java:909) ~[spring-webmvc-5.3.8.jar:5.3.8]
	at javax.servlet.http.HttpServlet.service(HttpServlet.java:681) ~[tomcat-embed-core-9.0.48.jar:4.0.FR]
	at org.springframework.web.servlet.FrameworkServlet.service(FrameworkServlet.java:883) ~[spring-webmvc-5.3.8.jar:5.3.8]
	at javax.servlet.http.HttpServlet.service(HttpServlet.java:764) ~[tomcat-embed-core-9.0.48.jar:4.0.FR]
	at org.apache.catalina.core.ApplicationFilterChain.internalDoFilter(ApplicationFilterChain.java:228) ~[tomcat-embed-core-9.0.48.jar:9.0.48]
	at org.apache.catalina.core.ApplicationFilterChain.doFilter(ApplicationFilterChain.java:163) ~[tomcat-embed-core-9.0.48.jar:9.0.48]
	at org.apache.tomcat.websocket.server.WsFilter.doFilter(WsFilter.java:53) ~[tomcat-embed-websocket-9.0.48.jar:9.0.48]
	at org.apache.catalina.core.ApplicationFilterChain.internalDoFilter(ApplicationFilterChain.java:190) ~[tomcat-embed-core-9.0.48.jar:9.0.48]
	at org.apache.catalina.core.ApplicationFilterChain.doFilter(ApplicationFilterChain.java:163) ~[tomcat-embed-core-9.0.48.jar:9.0.48]
	at org.springframework.web.filter.RequestContextFilter.doFilterInternal(RequestContextFilter.java:100) ~[spring-web-5.3.8.jar:5.3.8]
	at org.springframework.web.filter.OncePerRequestFilter.doFilter(OncePerRequestFilter.java:119) ~[spring-web-5.3.8.jar:5.3.8]
	at org.apache.catalina.core.ApplicationFilterChain.internalDoFilter(ApplicationFilterChain.java:190) ~[tomcat-embed-core-9.0.48.jar:9.0.48]
	at org.apache.catalina.core.ApplicationFilterChain.doFilter(ApplicationFilterChain.java:163) ~[tomcat-embed-core-9.0.48.jar:9.0.48]
	at org.springframework.web.filter.FormContentFilter.doFilterInternal(FormContentFilter.java:93) ~[spring-web-5.3.8.jar:5.3.8]
	at org.springframework.web.filter.OncePerRequestFilter.doFilter(OncePerRequestFilter.java:119) ~[spring-web-5.3.8.jar:5.3.8]
	at org.apache.catalina.core.ApplicationFilterChain.internalDoFilter(ApplicationFilterChain.java:190) ~[tomcat-embed-core-9.0.48.jar:9.0.48]
	at org.apache.catalina.core.ApplicationFilterChain.doFilter(ApplicationFilterChain.java:163) ~[tomcat-embed-core-9.0.48.jar:9.0.48]
	at org.springframework.web.filter.CharacterEncodingFilter.doFilterInternal(CharacterEncodingFilter.java:201) ~[spring-web-5.3.8.jar:5.3.8]
	at org.springframework.web.filter.OncePerRequestFilter.doFilter(OncePerRequestFilter.java:119) ~[spring-web-5.3.8.jar:5.3.8]
	at org.apache.catalina.core.ApplicationFilterChain.internalDoFilter(ApplicationFilterChain.java:190) ~[tomcat-embed-core-9.0.48.jar:9.0.48]
	at org.apache.catalina.core.ApplicationFilterChain.doFilter(ApplicationFilterChain.java:163) ~[tomcat-embed-core-9.0.48.jar:9.0.48]
	at org.apache.catalina.core.StandardWrapperValve.invoke(StandardWrapperValve.java:202) ~[tomcat-embed-core-9.0.48.jar:9.0.48]
	at org.apache.catalina.core.StandardContextValve.invoke(StandardContextValve.java:97) ~[tomcat-embed-core-9.0.48.jar:9.0.48]
	at org.apache.catalina.authenticator.AuthenticatorBase.invoke(AuthenticatorBase.java:542) ~[tomcat-embed-core-9.0.48.jar:9.0.48]
	at org.apache.catalina.core.StandardHostValve.invoke(StandardHostValve.java:143) ~[tomcat-embed-core-9.0.48.jar:9.0.48]
	at org.apache.catalina.valves.ErrorReportValve.invoke(ErrorReportValve.java:92) ~[tomcat-embed-core-9.0.48.jar:9.0.48]
	at org.apache.catalina.core.StandardEngineValve.invoke(StandardEngineValve.java:78) ~[tomcat-embed-core-9.0.48.jar:9.0.48]
	at org.apache.catalina.connector.CoyoteAdapter.service(CoyoteAdapter.java:357) ~[tomcat-embed-core-9.0.48.jar:9.0.48]
	at org.apache.coyote.http11.Http11Processor.service(Http11Processor.java:382) ~[tomcat-embed-core-9.0.48.jar:9.0.48]
	at org.apache.coyote.AbstractProcessorLight.process(AbstractProcessorLight.java:65) ~[tomcat-embed-core-9.0.48.jar:9.0.48]
	at org.apache.coyote.AbstractProtocol$ConnectionHandler.process(AbstractProtocol.java:893) ~[tomcat-embed-core-9.0.48.jar:9.0.48]
	at org.apache.tomcat.util.net.NioEndpoint$SocketProcessor.doRun(NioEndpoint.java:1723) ~[tomcat-embed-core-9.0.48.jar:9.0.48]
	at org.apache.tomcat.util.net.SocketProcessorBase.run(SocketProcessorBase.java:49) ~[tomcat-embed-core-9.0.48.jar:9.0.48]
	at java.base/java.util.concurrent.ThreadPoolExecutor.runWorker(ThreadPoolExecutor.java:1136) ~[na:na]
	at java.base/java.util.concurrent.ThreadPoolExecutor$Worker.run(ThreadPoolExecutor.java:635) ~[na:na]
	at org.apache.tomcat.util.threads.TaskThread$WrappingRunnable.run(TaskThread.java:61) ~[tomcat-embed-core-9.0.48.jar:9.0.48]
	at java.base/java.lang.Thread.run(Thread.java:833) ~[na:na]

2023-02-11 02:06:03.829  INFO 15147 --- [restartedMain] c.c.m.MoviehubbackApplication            : Starting MoviehubbackApplication using Java 17.0.5 on white-System-Product-Name with PID 15147 (/home/white/IdeaProjects/moviehubback/target/classes started by white in /home/white/IdeaProjects/moviehubback)
2023-02-11 02:06:03.831  INFO 15147 --- [restartedMain] c.c.m.MoviehubbackApplication            : No active profile set, falling back to default profiles: default
2023-02-11 02:06:03.878  INFO 15147 --- [restartedMain] .e.DevToolsPropertyDefaultsPostProcessor : Devtools property defaults active! Set 'spring.devtools.add-properties' to 'false' to disable
2023-02-11 02:06:03.878  INFO 15147 --- [restartedMain] .e.DevToolsPropertyDefaultsPostProcessor : For additional web related logging consider setting the 'logging.level.web' property to 'DEBUG'
2023-02-11 02:06:04.359  INFO 15147 --- [restartedMain] .s.d.r.c.RepositoryConfigurationDelegate : Multiple Spring Data modules found, entering strict repository configuration mode!
2023-02-11 02:06:04.360  INFO 15147 --- [restartedMain] .s.d.r.c.RepositoryConfigurationDelegate : Bootstrapping Spring Data MongoDB repositories in DEFAULT mode.
2023-02-11 02:06:04.368  INFO 15147 --- [restartedMain] .s.d.r.c.RepositoryConfigurationDelegate : Finished Spring Data repository scanning in 5 ms. Found 0 MongoDB repository interfaces.
2023-02-11 02:06:04.813  INFO 15147 --- [restartedMain] o.s.b.w.embedded.tomcat.TomcatWebServer  : Tomcat initialized with port(s): 8090 (https)
2023-02-11 02:06:04.822  INFO 15147 --- [restartedMain] o.apache.catalina.core.StandardService   : Starting service [Tomcat]
2023-02-11 02:06:04.823  INFO 15147 --- [restartedMain] org.apache.catalina.core.StandardEngine  : Starting Servlet engine: [Apache Tomcat/9.0.48]
2023-02-11 02:06:04.877  INFO 15147 --- [restartedMain] o.a.c.c.C.[Tomcat].[localhost].[/]       : Initializing Spring embedded WebApplicationContext
2023-02-11 02:06:04.877  INFO 15147 --- [restartedMain] w.s.c.ServletWebServerApplicationContext : Root WebApplicationContext: initialization completed in 998 ms
2023-02-11 02:06:04.973  INFO 15147 --- [restartedMain] org.mongodb.driver.cluster               : Cluster created with settings {hosts=[107.172.86.242:27017], mode=SINGLE, requiredClusterType=UNKNOWN, serverSelectionTimeout='30000 ms'}
2023-02-11 02:06:05.152  INFO 15147 --- [restartedMain] o.s.b.d.a.OptionalLiveReloadServer       : LiveReload server is running on port 35729
2023-02-11 02:06:05.441  INFO 15147 --- [cluster-ClusterId{value='63e6878c7dbd9d1cc17d819a', description='null'}-107.172.86.242:27017] org.mongodb.driver.connection            : Opened connection [connectionId{localValue:1, serverValue:83}] to 107.172.86.242:27017
2023-02-11 02:06:05.442  INFO 15147 --- [cluster-ClusterId{value='63e6878c7dbd9d1cc17d819a', description='null'}-107.172.86.242:27017] org.mongodb.driver.cluster               : Monitor thread successfully connected to server with description ServerDescription{address=107.172.86.242:27017, type=STANDALONE, state=CONNECTED, ok=true, minWireVersion=0, maxWireVersion=9, maxDocumentSize=16777216, logicalSessionTimeoutMinutes=30, roundTripTimeNanos=240438270}
2023-02-11 02:06:05.769  INFO 15147 --- [restartedMain] o.s.b.w.embedded.tomcat.TomcatWebServer  : Tomcat started on port(s): 8090 (https) with context path ''
2023-02-11 02:06:05.780  INFO 15147 --- [restartedMain] c.c.m.MoviehubbackApplication            : Started MoviehubbackApplication in 2.274 seconds (JVM running for 2.951)
2023-02-11 02:06:06.426  INFO 15147 --- [cluster-rtt-ClusterId{value='63e6878c7dbd9d1cc17d819a', description='null'}-107.172.86.242:27017] org.mongodb.driver.connection            : Opened connection [connectionId{localValue:2, serverValue:84}] to 107.172.86.242:27017
2023-02-11 02:06:09.668  INFO 15147 --- [https-jsse-nio-8090-exec-6] o.a.c.c.C.[Tomcat].[localhost].[/]       : Initializing Spring DispatcherServlet 'dispatcherServlet'
2023-02-11 02:06:09.668  INFO 15147 --- [https-jsse-nio-8090-exec-6] o.s.web.servlet.DispatcherServlet        : Initializing Servlet 'dispatcherServlet'
2023-02-11 02:06:09.669  INFO 15147 --- [https-jsse-nio-8090-exec-6] o.s.web.servlet.DispatcherServlet        : Completed initialization in 1 ms
2023-02-11 02:06:09.729  INFO 15147 --- [https-jsse-nio-8090-exec-6] c.c.moviehubback.config.LogAop           : 搜索内容：七龙珠
2023-02-11 02:06:11.215  INFO 15147 --- [https-jsse-nio-8090-exec-6] org.mongodb.driver.connection            : Opened connection [connectionId{localValue:3, serverValue:85}] to 107.172.86.242:27017
2023-02-11 02:06:19.896  INFO 15147 --- [https-jsse-nio-8090-exec-6] c.c.moviehubback.config.LogAop           : 返回条数：1
2023-02-11 02:06:53.522  INFO 15147 --- [SpringApplicationShutdownHook] org.mongodb.driver.connection            : Closed connection [connectionId{localValue:3, serverValue:85}] to 107.172.86.242:27017 because the pool has been closed.
2023-02-11 02:09:25.502  INFO 15709 --- [main] c.c.m.MoviehubbackApplicationTests       : Starting MoviehubbackApplicationTests using Java 17.0.5 on white-System-Product-Name with PID 15709 (started by white in /home/white/IdeaProjects/moviehubback)
2023-02-11 02:09:25.507  INFO 15709 --- [main] c.c.m.MoviehubbackApplicationTests       : No active profile set, falling back to default profiles: default
2023-02-11 02:09:26.117  INFO 15709 --- [main] .s.d.r.c.RepositoryConfigurationDelegate : Multiple Spring Data modules found, entering strict repository configuration mode!
2023-02-11 02:09:26.119  INFO 15709 --- [main] .s.d.r.c.RepositoryConfigurationDelegate : Bootstrapping Spring Data MongoDB repositories in DEFAULT mode.
2023-02-11 02:09:26.130  INFO 15709 --- [main] .s.d.r.c.RepositoryConfigurationDelegate : Finished Spring Data repository scanning in 8 ms. Found 0 MongoDB repository interfaces.
2023-02-11 02:09:26.603  INFO 15709 --- [main] org.mongodb.driver.cluster               : Cluster created with settings {hosts=[${db_addr}:27017], mode=SINGLE, requiredClusterType=UNKNOWN, serverSelectionTimeout='30000 ms'}
2023-02-11 02:09:26.629  INFO 15709 --- [cluster-ClusterId{value='63e688565e1c03498c95d5a0', description='null'}-${db_addr}:27017] org.mongodb.driver.cluster               : Exception in monitor thread while connecting to server ${db_addr}:27017

com.mongodb.MongoSocketException: ${db_addr}: 未知的名称或服务
	at com.mongodb.ServerAddress.getSocketAddresses(ServerAddress.java:211) ~[mongodb-driver-core-4.2.3.jar:na]
	at com.mongodb.internal.connection.SocketStream.initializeSocket(SocketStream.java:75) ~[mongodb-driver-core-4.2.3.jar:na]
	at com.mongodb.internal.connection.SocketStream.open(SocketStream.java:65) ~[mongodb-driver-core-4.2.3.jar:na]
	at com.mongodb.internal.connection.InternalStreamConnection.open(InternalStreamConnection.java:143) ~[mongodb-driver-core-4.2.3.jar:na]
	at com.mongodb.internal.connection.DefaultServerMonitor$ServerMonitorRunnable.lookupServerDescription(DefaultServerMonitor.java:188) ~[mongodb-driver-core-4.2.3.jar:na]
	at com.mongodb.internal.connection.DefaultServerMonitor$ServerMonitorRunnable.run(DefaultServerMonitor.java:144) ~[mongodb-driver-core-4.2.3.jar:na]
	at java.base/java.lang.Thread.run(Thread.java:833) ~[na:na]
Caused by: java.net.UnknownHostException: ${db_addr}: 未知的名称或服务
	at java.base/java.net.Inet6AddressImpl.lookupAllHostAddr(Native Method) ~[na:na]
	at java.base/java.net.InetAddress$PlatformNameService.lookupAllHostAddr(InetAddress.java:933) ~[na:na]
	at java.base/java.net.InetAddress.getAddressesFromNameService(InetAddress.java:1529) ~[na:na]
	at java.base/java.net.InetAddress$NameServiceAddresses.get(InetAddress.java:852) ~[na:na]
	at java.base/java.net.InetAddress.getAllByName0(InetAddress.java:1519) ~[na:na]
	at java.base/java.net.InetAddress.getAllByName(InetAddress.java:1377) ~[na:na]
	at java.base/java.net.InetAddress.getAllByName(InetAddress.java:1305) ~[na:na]
	at com.mongodb.ServerAddress.getSocketAddresses(ServerAddress.java:203) ~[mongodb-driver-core-4.2.3.jar:na]
	... 6 common frames omitted

2023-02-11 02:09:27.691  INFO 15709 --- [main] c.c.m.MoviehubbackApplicationTests       : Started MoviehubbackApplicationTests in 2.451 seconds (JVM running for 3.286)
